<?xml version="1.0" encoding="UTF-8"?>
<testsuite name="start.service.BookingServiceImplTest" tests="3" skipped="0" failures="0" errors="0" timestamp="2017-10-27T13:27:06" hostname="DavidC-Mac.local" time="0.088">
  <properties/>
  <testcase name="shouldReturnCollectionOfBookingsByBookerId" classname="start.service.BookingServiceImplTest" time="0.078"/>
  <testcase name="shouldCallRepositoryFindAllBookings" classname="start.service.BookingServiceImplTest" time="0.006"/>
  <testcase name="shouldRetrieveBookerAndConvertWebBookingAndSaveBooking" classname="start.service.BookingServiceImplTest" time="0.001"/>
  <system-out><![CDATA[]]></system-out>
  <system-err><![CDATA[]]></system-err>
</testsuite>
