<?xml version="1.0" encoding="UTF-8"?>
<testsuite name="start.web.BookingControllerTest" tests="3" skipped="0" failures="0" errors="0" timestamp="2017-10-27T13:27:06" hostname="DavidC-Mac.local" time="0.008">
  <properties/>
  <testcase name="shouldCallListAllBookingsFromService" classname="start.web.BookingControllerTest" time="0.002"/>
  <testcase name="shouldPassBookingOntoBookingService" classname="start.web.BookingControllerTest" time="0.002"/>
  <testcase name="shouldCallListAllBookingsByBookingIdFromService" classname="start.web.BookingControllerTest" time="0.002"/>
  <system-out><![CDATA[]]></system-out>
  <system-err><![CDATA[]]></system-err>
</testsuite>
