<?xml version="1.0" encoding="UTF-8"?>
<testsuite name="start.service.RegistrantServiceImplTest" tests="1" skipped="0" failures="0" errors="0" timestamp="2017-10-27T13:27:06" hostname="DavidC-Mac.local" time="0.001">
  <properties/>
  <testcase name="shouldCallServiceGetAllBookers" classname="start.service.RegistrantServiceImplTest" time="0.001"/>
  <system-out><![CDATA[]]></system-out>
  <system-err><![CDATA[]]></system-err>
</testsuite>
