<?xml version="1.0" encoding="UTF-8"?>
<testsuite name="start.service.converter.WebBookingToBookingConverterTest" tests="1" skipped="0" failures="0" errors="0" timestamp="2017-10-27T13:27:06" hostname="DavidC-Mac.local" time="0.002">
  <properties/>
  <testcase name="shouldConvertAWebBookingToDomainOne" classname="start.service.converter.WebBookingToBookingConverterTest" time="0.002"/>
  <system-out><![CDATA[]]></system-out>
  <system-err><![CDATA[]]></system-err>
</testsuite>
